Determining if the include file pthread.h exists failed with the following output:
Change Dir: D:/Desktop/CMU/03 Fall 2016/02 Computer Graphics (15-662)/01 Assignments/05 HW5/Scotty3D-master/build/CMakeFiles/CMakeTmp

Run Build Command:"C:/Program Files (x86)/MSBuild/14.0/bin/MSBuild.exe" "cmTC_0c508.vcxproj" "/p:Configuration=Debug" "/p:VisualStudioVersion=14.0"
Microsoft (R) Build Engine version 14.0.25420.1
Copyright (C) Microsoft Corporation. All rights reserved.

Build started 12/16/2016 4:15:47 PM.
Project "D:\Desktop\CMU\03 Fall 2016\02 Computer Graphics (15-662)\01 Assignments\05 HW5\Scotty3D-master\build\CMakeFiles\CMakeTmp\cmTC_0c508.vcxproj" on node 1 (default targets).
PrepareForBuild:
  Creating directory "cmTC_0c508.dir\Debug\".
  Creating directory "D:\Desktop\CMU\03 Fall 2016\02 Computer Graphics (15-662)\01 Assignments\05 HW5\Scotty3D-master\build\CMakeFiles\CMakeTmp\Debug\".
  Creating directory "cmTC_0c508.dir\Debug\cmTC_0c508.tlog\".
InitializeBuildStatus:
  Creating "cmTC_0c508.dir\Debug\cmTC_0c508.tlog\unsuccessfulbuild" because "AlwaysCreate" was specified.
ClCompile:
  D:\Programs\Microsoft Visual Studio 14.0\VC\bin\CL.exe /c /Zi /W3 /WX- /Od /Ob0 /Oy- /D WIN32 /D _WINDOWS /D _DEBUG /D "CMAKE_INTDIR=\"Debug\"" /D _MBCS /Gm- /RTC1 /MDd /GS /fp:precise /Zc:wchar_t /Zc:forScope /Zc:inline /Fo"cmTC_0c508.dir\Debug\\" /Fd"cmTC_0c508.dir\Debug\vc140.pdb" /Gd /TC /analyze- /errorReport:queue "D:\Desktop\CMU\03 Fall 2016\02 Computer Graphics (15-662)\01 Assignments\05 HW5\Scotty3D-master\build\CMakeFiles\CMakeTmp\CheckIncludeFile.c"
  Microsoft (R) C/C++ Optimizing Compiler Version 19.00.24215.1 for x86
  Copyright (C) Microsoft Corporation.  All rights reserved.
  
  cl /c /Zi /W3 /WX- /Od /Ob0 /Oy- /D WIN32 /D _WINDOWS /D _DEBUG /D "CMAKE_INTDIR=\"Debug\"" /D _MBCS /Gm- /RTC1 /MDd /GS /fp:precise /Zc:wchar_t /Zc:forScope /Zc:inline /Fo"cmTC_0c508.dir\Debug\\" /Fd"cmTC_0c508.dir\Debug\vc140.pdb" /Gd /TC /analyze- /errorReport:queue "D:\Desktop\CMU\03 Fall 2016\02 Computer Graphics (15-662)\01 Assignments\05 HW5\Scotty3D-master\build\CMakeFiles\CMakeTmp\CheckIncludeFile.c"
  
  CheckIncludeFile.c
D:\Desktop\CMU\03 Fall 2016\02 Computer Graphics (15-662)\01 Assignments\05 HW5\Scotty3D-master\build\CMakeFiles\CMakeTmp\CheckIncludeFile.c(1): fatal error C1083: Cannot open include file: 'pthread.h': No such file or directory [D:\Desktop\CMU\03 Fall 2016\02 Computer Graphics (15-662)\01 Assignments\05 HW5\Scotty3D-master\build\CMakeFiles\CMakeTmp\cmTC_0c508.vcxproj]
Done Building Project "D:\Desktop\CMU\03 Fall 2016\02 Computer Graphics (15-662)\01 Assignments\05 HW5\Scotty3D-master\build\CMakeFiles\CMakeTmp\cmTC_0c508.vcxproj" (default targets) -- FAILED.

Build FAILED.

"D:\Desktop\CMU\03 Fall 2016\02 Computer Graphics (15-662)\01 Assignments\05 HW5\Scotty3D-master\build\CMakeFiles\CMakeTmp\cmTC_0c508.vcxproj" (default target) (1) ->
(ClCompile target) -> 
  D:\Desktop\CMU\03 Fall 2016\02 Computer Graphics (15-662)\01 Assignments\05 HW5\Scotty3D-master\build\CMakeFiles\CMakeTmp\CheckIncludeFile.c(1): fatal error C1083: Cannot open include file: 'pthread.h': No such file or directory [D:\Desktop\CMU\03 Fall 2016\02 Computer Graphics (15-662)\01 Assignments\05 HW5\Scotty3D-master\build\CMakeFiles\CMakeTmp\cmTC_0c508.vcxproj]

    0 Warning(s)
    1 Error(s)

Time Elapsed 00:00:00.35


